Virtual User Script started at: 06.04.2021 21:26:59
Starting action vuser_init.
Web Turbo Replay of LoadRunner 12.60.0 for Windows 10; build 971 (авг 09 2018 11:27:13)  	[MsgId: MMSG-26983]
Run mode: HTML  	[MsgId: MMSG-26993]
Replay user agent: Mozilla/5.0 (Windows NT 10.0; Win64; x64) AppleWebKit/537.36 (KHTML, like Gecko) Chrome/89.0.4389.114 Safari/537.36  	[MsgId: MMSG-26988]
Runtime Settings file: "C:\Users\Valera\Desktop\MaxSilkov\HM5\HM_5_2_1\\default.cfg"  	[MsgId: MMSG-27141]
vuser_init.c(4): web_reg_save_param_ex started  	[MsgId: MMSG-26355]
vuser_init.c(4): Registering web_reg_save_param_ex was successful  	[MsgId: MMSG-26390]
vuser_init.c(11): web_url("WebTours") started  	[MsgId: MMSG-26355]
vuser_init.c(11): Detected non-resource "http://localhost:1080/WebTours/header.html" in "http://localhost:1080/WebTours/"  	[MsgId: MMSG-26574]
vuser_init.c(11): Detected non-resource "http://localhost:1080/cgi-bin/welcome.pl?signOff=true" in "http://localhost:1080/WebTours/"  	[MsgId: MMSG-26574]
vuser_init.c(11): Found resource "http://localhost:1080/WebTours/images/hp_logo.png" in HTML "http://localhost:1080/WebTours/header.html"  	[MsgId: MMSG-26659]
vuser_init.c(11): Found resource "http://localhost:1080/WebTours/images/webtours.png" in HTML "http://localhost:1080/WebTours/header.html"  	[MsgId: MMSG-26659]
vuser_init.c(11): Detected non-resource "http://localhost:1080/cgi-bin/nav.pl?in=home" in "http://localhost:1080/cgi-bin/welcome.pl?signOff=true"  	[MsgId: MMSG-26574]
vuser_init.c(11): Detected non-resource "http://localhost:1080/WebTours/home.html" in "http://localhost:1080/cgi-bin/welcome.pl?signOff=true"  	[MsgId: MMSG-26574]
vuser_init.c(11): Found resource "http://localhost:1080/WebTours/images/mer_login.gif" in HTML "http://localhost:1080/cgi-bin/nav.pl?in=home"  	[MsgId: MMSG-26659]
vuser_init.c(11): web_url("WebTours") was successful, 10079 body bytes, 2376 header bytes, 24 chunking overhead bytes  	[MsgId: MMSG-26385]
vuser_init.c(21): web_set_sockets_option started  	[MsgId: MMSG-26355]
vuser_init.c(21): web_set_sockets_option was successful  	[MsgId: MMSG-26392]
vuser_init.c(24): web_submit_data("login.pl") started  	[MsgId: MMSG-26355]
vuser_init.c(24): Detected non-resource "http://localhost:1080/cgi-bin/nav.pl?page=menu&in=home" in "http://localhost:1080/cgi-bin/login.pl"  	[MsgId: MMSG-26574]
vuser_init.c(24): Detected non-resource "http://localhost:1080/cgi-bin/login.pl?intro=true" in "http://localhost:1080/cgi-bin/login.pl"  	[MsgId: MMSG-26574]
vuser_init.c(24): Found resource "http://localhost:1080/WebTours/images/flights.gif" in HTML "http://localhost:1080/cgi-bin/nav.pl?page=menu&in=home"  	[MsgId: MMSG-26659]
vuser_init.c(24): Found resource "http://localhost:1080/WebTours/images/itinerary.gif" in HTML "http://localhost:1080/cgi-bin/nav.pl?page=menu&in=home"  	[MsgId: MMSG-26659]
vuser_init.c(24): Found resource "http://localhost:1080/WebTours/images/in_home.gif" in HTML "http://localhost:1080/cgi-bin/nav.pl?page=menu&in=home"  	[MsgId: MMSG-26659]
vuser_init.c(24): Found resource "http://localhost:1080/WebTours/images/signoff.gif" in HTML "http://localhost:1080/cgi-bin/nav.pl?page=menu&in=home"  	[MsgId: MMSG-26659]
vuser_init.c(24): web_submit_data("login.pl") was successful, 5779 body bytes, 2034 header bytes, 36 chunking overhead bytes  	[MsgId: MMSG-26385]
Ending action vuser_init.
Running Vuser...
Starting iteration 1.
Warning -27077: The "vuser_init" section contains web function(s) when the "Simulate a new user on each iteration" Runtime Setting is ON.  This may produce unpredictable results with multiple iterations  	[MsgId: MWAR-27077]
Maximum number of concurrent connections per server: 6  	[MsgId: MMSG-26989]
Starting action Inter.
Inter.c(10): web_reg_save_param_ex started  	[MsgId: MMSG-26355]
Inter.c(10): Registering web_reg_save_param_ex was successful  	[MsgId: MMSG-26390]
Inter.c(17): web_reg_save_param_ex started  	[MsgId: MMSG-26355]
Inter.c(17): Registering web_reg_save_param_ex was successful  	[MsgId: MMSG-26390]
Inter.c(24): web_reg_save_param_ex started  	[MsgId: MMSG-26355]
Inter.c(24): Registering web_reg_save_param_ex was successful  	[MsgId: MMSG-26390]
Inter.c(40): web_url("Itinerary Button") started  	[MsgId: MMSG-26355]
Inter.c(40): Detected non-resource "http://localhost:1080/cgi-bin/nav.pl?page=menu&in=itinerary" in "http://localhost:1080/cgi-bin/welcome.pl?page=itinerary"  	[MsgId: MMSG-26574]
Inter.c(40): Detected non-resource "http://localhost:1080/cgi-bin/itinerary.pl" in "http://localhost:1080/cgi-bin/welcome.pl?page=itinerary"  	[MsgId: MMSG-26574]
Inter.c(40): Resource "http://localhost:1080/WebTours/images/flights.gif" is in the cache already and will not be downloaded again  	[MsgId: MMSG-26655]
Inter.c(40): Found resource "http://localhost:1080/WebTours/images/in_itinerary.gif" in HTML "http://localhost:1080/cgi-bin/nav.pl?page=menu&in=itinerary"  	[MsgId: MMSG-26659]
Inter.c(40): Found resource "http://localhost:1080/WebTours/images/home.gif" in HTML "http://localhost:1080/cgi-bin/nav.pl?page=menu&in=itinerary"  	[MsgId: MMSG-26659]
Inter.c(40): Resource "http://localhost:1080/WebTours/images/signoff.gif" is in the cache already and will not be downloaded again  	[MsgId: MMSG-26655]
Inter.c(40): Found resource "http://localhost:1080/WebTours/images/cancelreservation.gif" in HTML "http://localhost:1080/cgi-bin/itinerary.pl"  	[MsgId: MMSG-26659]
Inter.c(40): Found resource "http://localhost:1080/WebTours/images/cancelallreservations.gif" in HTML "http://localhost:1080/cgi-bin/itinerary.pl"  	[MsgId: MMSG-26659]
Inter.c(40): web_url("Itinerary Button") was successful, 10238 body bytes, 1916 header bytes, 43 chunking overhead bytes  	[MsgId: MMSG-26385]
Ending action Inter.
Starting action Delete.
Delete.c(9): Кол-во элементов счетчика=3
Delete.c(20): Цена билета 1: 1750 $.
	--------------------
Delete.c(20): Цена билета 2: 3860 $.
	--------------------
Delete.c(20): Цена билета 3: 4380 $.
	--------------------
Delete.c(28): Билет с минимальной ценой стоит: 1750 $
	--------------------
Delete.c(33): web_submit_data("itinerary.pl") started  	[MsgId: MMSG-26355]
Delete.c(33): Resource "http://localhost:1080/WebTours/images/cancelreservation.gif" is in the cache already and will not be downloaded again  	[MsgId: MMSG-26655]
Delete.c(33): Resource "http://localhost:1080/WebTours/images/cancelallreservations.gif" is in the cache already and will not be downloaded again  	[MsgId: MMSG-26655]
Delete.c(33): web_submit_data("itinerary.pl") was successful, 4013 body bytes, 255 header bytes, 18 chunking overhead bytes  	[MsgId: MMSG-26385]
Delete.c(49): -------------Билет удален-------------------
Ending action Delete.
Ending iteration 1.
Ending Vuser...
Starting action vuser_end.
Ending action vuser_end.
Vuser Terminated.
